<?xml version="1.0" encoding="UTF-8"?>
<!-- Generated by org.testng.reporters.JUnitXMLReporter -->
<testsuite ignored="0" hostname="Marias-MacBook-Pro.local" failures="0" tests="7" name="Validating the features in the main section of the home page" time="13.854" errors="0" timestamp="2022-07-15T14:21:51 PDT">
  <testcase classname="automation.HomePageTest" name="checkBoxExample" time="0.342"/>
  <testcase classname="automation.HomePageTest" name="dropDownExample" time="0.471"/>
  <testcase classname="automation.HomePageTest" name="elementDisplayedExample" time="0.283"/>
  <testcase classname="automation.HomePageTest" name="mouseHoverExample" time="1.252"/>
  <testcase classname="automation.HomePageTest" name="radioButtonExample" time="0.344"/>
  <testcase classname="automation.HomePageTest" name="suggestionClassExample" time="0.432"/>
  <testcase classname="automation.HomePageTest" name="switchToAlertExample" time="0.718"/>
</testsuite> <!-- Validating the features in the main section of the home page -->
