<?xml version="1.0" encoding="UTF-8"?>
<!-- Generated by org.testng.reporters.JUnitXMLReporter -->
<testsuite ignored="0" hostname="Marias-MacBook-Pro.local" failures="0" tests="7" name="Validating the features in the main section of the home page" time="15.017" errors="0" timestamp="2022-06-10T13:17:48 PDT">
  <testcase classname="automation.HomePageTest" name="checkBoxExample" time="0.488"/>
  <testcase classname="automation.HomePageTest" name="dropDownExample" time="0.459"/>
  <testcase classname="automation.HomePageTest" name="elementDisplayedExample" time="0.295"/>
  <testcase classname="automation.HomePageTest" name="mouseHoverExample" time="1.235"/>
  <testcase classname="automation.HomePageTest" name="radioButtonExample" time="0.519"/>
  <testcase classname="automation.HomePageTest" name="suggestionClassExample" time="0.426"/>
  <testcase classname="automation.HomePageTest" name="switchToAlertExample" time="0.744"/>
</testsuite> <!-- Validating the features in the main section of the home page -->
