<?xml version="1.0" encoding="UTF-8"?>
<testsuite xmlns:xsi="http://www.w3.org/2001/XMLSchema-instance" xsi:noNamespaceSchemaLocation="https://maven.apache.org/surefire/maven-surefire-plugin/xsd/surefire-test-report-3.0.xsd" version="3.0" name="TestSuite" time="150.828" tests="13" errors="0" skipped="0" failures="0">
  <properties>
[...]
</properties>
  <testcase name="validateHeaderNavLinks" classname="automation.NavBarTest" time="5.982">
    <system-out><![CDATA[chrome
https://rahulshettyacademy.com/AutomationPractice/
Practice Page
https://www.rahulshettyacademy.com/
Rahul Shetty Academy
https://rahulshettyacademy.com/documents-request
Rahul Shetty Academy
https://www.rahulshettyacademy.com/
Rahul Shetty Academy
]]></system-out>
    <system-err><![CDATA[SLF4J: Failed to load class "org.slf4j.impl.StaticLoggerBinder".
SLF4J: Defaulting to no-operation (NOP) logger implementation
SLF4J: See http://www.slf4j.org/codes.html#StaticLoggerBinder for further details.
Starting ChromeDriver 101.0.4951.41 (93c720db8323b3ec10d056025ab95c23a31997c9-refs/branch-heads/4951@{#904}) on port 65401
Only local connections are allowed.
Please see https://chromedriver.chromium.org/security-considerations for suggestions on keeping ChromeDriver safe.
ChromeDriver was started successfully.
[1654892228.242][WARNING]: This version of ChromeDriver has not been tested with Chrome version 102.
Jun 10, 2022 1:17:08 PM org.openqa.selenium.remote.ProtocolHandshake createSession
INFO: Detected upstream dialect: W3C
Jun 10, 2022 1:17:08 PM org.openqa.selenium.devtools.CdpVersionFinder findNearestMatch
INFO: Found exact CDP implementation for version 102
]]></system-err>
  </testcase>
  <testcase name="checkBoxExample" classname="automation.HomePageTest" time="0.488">
    <system-out><![CDATA[chrome
https://rahulshettyacademy.com/AutomationPractice/
Practice Page
Option1
Option2
Option3
]]></system-out>
    <system-err><![CDATA[Starting ChromeDriver 101.0.4951.41 (93c720db8323b3ec10d056025ab95c23a31997c9-refs/branch-heads/4951@{#904}) on port 49244
Only local connections are allowed.
Please see https://chromedriver.chromium.org/security-considerations for suggestions on keeping ChromeDriver safe.
ChromeDriver was started successfully.
[1654892250.237][WARNING]: This version of ChromeDriver has not been tested with Chrome version 102.
Jun 10, 2022 1:17:30 PM org.openqa.selenium.remote.ProtocolHandshake createSession
INFO: Detected upstream dialect: W3C
Jun 10, 2022 1:17:30 PM org.openqa.selenium.devtools.CdpVersionFinder findNearestMatch
INFO: Found exact CDP implementation for version 102
]]></system-err>
  </testcase>
  <testcase name="dropDownExample" classname="automation.HomePageTest" time="0.459">
    <system-out><![CDATA[Select
Option1
Option2
Option3
]]></system-out>
  </testcase>
  <testcase name="elementDisplayedExample" classname="automation.HomePageTest" time="0.296">
    <system-out><![CDATA[Hi
Hi
]]></system-out>
  </testcase>
  <testcase name="mouseHoverExample" classname="automation.HomePageTest" time="1.235"/>
  <testcase name="radioButtonExample" classname="automation.HomePageTest" time="0.518">
    <system-out><![CDATA[Radio1
Radio2
Radio3
]]></system-out>
  </testcase>
  <testcase name="suggestionClassExample" classname="automation.HomePageTest" time="0.437">
    <system-out><![CDATA[United States (USA)
]]></system-out>
  </testcase>
  <testcase name="switchToAlertExample" classname="automation.HomePageTest" time="0.735">
    <system-out><![CDATA[Hello Maria, share this practice page and share your knowledge
Hello Maria, Are you sure you want to confirm?
Hello Maria, Are you sure you want to confirm?
]]></system-out>
  </testcase>
  <testcase name="webTableExample" classname="automation.WebTablesTest" time="0.418">
    <system-out><![CDATA[chrome
https://rahulshettyacademy.com/AutomationPractice/
Selenium Webdriver with Java Basics + Advanced + Interview Guide
296
]]></system-out>
    <system-err><![CDATA[Starting ChromeDriver 101.0.4951.41 (93c720db8323b3ec10d056025ab95c23a31997c9-refs/branch-heads/4951@{#904}) on port 52427
Only local connections are allowed.
Please see https://chromedriver.chromium.org/security-considerations for suggestions on keeping ChromeDriver safe.
ChromeDriver was started successfully.
[1654892270.229][WARNING]: This version of ChromeDriver has not been tested with Chrome version 102.
Jun 10, 2022 1:17:50 PM org.openqa.selenium.remote.ProtocolHandshake createSession
INFO: Detected upstream dialect: W3C
Jun 10, 2022 1:17:50 PM org.openqa.selenium.devtools.CdpVersionFinder findNearestMatch
INFO: Found exact CDP implementation for version 102
]]></system-err>
  </testcase>
  <testcase name="validateIFrame" classname="automation.IFrameTest" time="0.239">
    <system-out><![CDATA[chrome
https://rahulshettyacademy.com/AutomationPractice/
contact@rahulshettyacademy.com
]]></system-out>
    <system-err><![CDATA[Starting ChromeDriver 101.0.4951.41 (93c720db8323b3ec10d056025ab95c23a31997c9-refs/branch-heads/4951@{#904}) on port 57647
Only local connections are allowed.
Please see https://chromedriver.chromium.org/security-considerations for suggestions on keeping ChromeDriver safe.
ChromeDriver was started successfully.
[1654892284.665][WARNING]: This version of ChromeDriver has not been tested with Chrome version 102.
Jun 10, 2022 1:18:04 PM org.openqa.selenium.remote.ProtocolHandshake createSession
INFO: Detected upstream dialect: W3C
Jun 10, 2022 1:18:04 PM org.openqa.selenium.devtools.CdpVersionFinder findNearestMatch
INFO: Found exact CDP implementation for version 102
]]></system-err>
  </testcase>
  <testcase name="switchTabExample" classname="automation.SwitchTabTest" time="1.097">
    <system-out><![CDATA[chrome
https://rahulshettyacademy.com/AutomationPractice/
Practice Page
https://www.rahulshettyacademy.com/
Rahul Shetty Academy
]]></system-out>
    <system-err><![CDATA[Starting ChromeDriver 101.0.4951.41 (93c720db8323b3ec10d056025ab95c23a31997c9-refs/branch-heads/4951@{#904}) on port 61322
Only local connections are allowed.
Please see https://chromedriver.chromium.org/security-considerations for suggestions on keeping ChromeDriver safe.
ChromeDriver was started successfully.
[1654892303.268][WARNING]: This version of ChromeDriver has not been tested with Chrome version 102.
Jun 10, 2022 1:18:23 PM org.openqa.selenium.remote.ProtocolHandshake createSession
INFO: Detected upstream dialect: W3C
Jun 10, 2022 1:18:23 PM org.openqa.selenium.devtools.CdpVersionFinder findNearestMatch
INFO: Found exact CDP implementation for version 102
]]></system-err>
  </testcase>
  <testcase name="switchWindowExample" classname="automation.SwitchWindowTest" time="18.99">
    <system-out><![CDATA[chrome
https://rahulshettyacademy.com/AutomationPractice/
Practice Page
http://www.qaclickacademy.com/
QA Click Academy | Selenium,Jmeter,SoapUI,Appium,Database testing,QA Training Academy
]]></system-out>
    <system-err><![CDATA[Starting ChromeDriver 101.0.4951.41 (93c720db8323b3ec10d056025ab95c23a31997c9-refs/branch-heads/4951@{#904}) on port 63825
Only local connections are allowed.
Please see https://chromedriver.chromium.org/security-considerations for suggestions on keeping ChromeDriver safe.
ChromeDriver was started successfully.
[1654892318.315][WARNING]: This version of ChromeDriver has not been tested with Chrome version 102.
Jun 10, 2022 1:18:38 PM org.openqa.selenium.remote.ProtocolHandshake createSession
INFO: Detected upstream dialect: W3C
Jun 10, 2022 1:18:38 PM org.openqa.selenium.devtools.CdpVersionFinder findNearestMatch
INFO: Found exact CDP implementation for version 102
]]></system-err>
  </testcase>
  <testcase name="verifyFooterLinks" classname="automation.FooterLinksTest" time="3.599">
    <system-out><![CDATA[chrome
https://rahulshettyacademy.com/AutomationPractice/
Practice Page
Number of links in footer: 20
Practice Page
Apache JMeter - Apache JMeter™
Appium Mobile Automation Testing from Scratch + Frameworks Tutorial | Udemy
The World's Most Popular API Testing Tool | SoapUI
REST API Tutorial
]]></system-out>
    <system-err><![CDATA[Starting ChromeDriver 101.0.4951.41 (93c720db8323b3ec10d056025ab95c23a31997c9-refs/branch-heads/4951@{#904}) on port 63378
Only local connections are allowed.
Please see https://chromedriver.chromium.org/security-considerations for suggestions on keeping ChromeDriver safe.
ChromeDriver was started successfully.
[1654892354.380][WARNING]: This version of ChromeDriver has not been tested with Chrome version 102.
Jun 10, 2022 1:19:14 PM org.openqa.selenium.remote.ProtocolHandshake createSession
INFO: Detected upstream dialect: W3C
Jun 10, 2022 1:19:14 PM org.openqa.selenium.devtools.CdpVersionFinder findNearestMatch
INFO: Found exact CDP implementation for version 102
]]></system-err>
  </testcase>
</testsuite>