<?xml version="1.0" encoding="UTF-8"?>
<testng-results ignored="0" total="13" passed="13" failed="0" skipped="0">
  <reporter-output>
  </reporter-output>
  <suite started-at="2022-06-10T13:16:59 PDT" name="Suite" finished-at="2022-06-10T13:19:25 PDT" duration-ms="145339">
    <groups>
    </groups>
    <test started-at="2022-06-10T13:16:59 PDT" name="Validating the links in the navigation bar" finished-at="2022-06-10T13:17:23 PDT" duration-ms="23378">
      <class name="automation.NavBarTest">
        <test-method is-config="true" signature="initialize()[pri:0, instance:automation.NavBarTest@33afa13b]" started-at="2022-06-10T13:16:59 PDT" name="initialize" finished-at="2022-06-10T13:17:15 PDT" duration-ms="16232" status="PASS">
          <reporter-output>
          </reporter-output>
        </test-method> <!-- initialize -->
        <test-method signature="validateHeaderNavLinks()[pri:0, instance:automation.NavBarTest@33afa13b]" started-at="2022-06-10T13:17:15 PDT" name="validateHeaderNavLinks" finished-at="2022-06-10T13:17:21 PDT" duration-ms="5981" status="PASS">
          <reporter-output>
          </reporter-output>
        </test-method> <!-- validateHeaderNavLinks -->
        <test-method is-config="true" signature="closeDown()[pri:0, instance:automation.NavBarTest@33afa13b]" started-at="2022-06-10T13:17:21 PDT" name="closeDown" finished-at="2022-06-10T13:17:23 PDT" duration-ms="1131" status="PASS">
          <reporter-output>
          </reporter-output>
        </test-method> <!-- closeDown -->
      </class> <!-- automation.NavBarTest -->
    </test> <!-- Validating the links in the navigation bar -->
    <test started-at="2022-06-10T13:17:28 PDT" name="Validating the features in the main section of the home page" finished-at="2022-06-10T13:17:43 PDT" duration-ms="15017">
      <class name="automation.HomePageTest">
        <test-method is-config="true" signature="initialize()[pri:0, instance:automation.HomePageTest@149e0f5d]" started-at="2022-06-10T13:17:28 PDT" name="initialize" finished-at="2022-06-10T13:17:37 PDT" duration-ms="9721" status="PASS">
          <reporter-output>
          </reporter-output>
        </test-method> <!-- initialize -->
        <test-method signature="checkBoxExample()[pri:0, instance:automation.HomePageTest@149e0f5d]" started-at="2022-06-10T13:17:37 PDT" name="checkBoxExample" finished-at="2022-06-10T13:17:38 PDT" duration-ms="488" status="PASS">
          <reporter-output>
          </reporter-output>
        </test-method> <!-- checkBoxExample -->
        <test-method signature="dropDownExample()[pri:0, instance:automation.HomePageTest@149e0f5d]" started-at="2022-06-10T13:17:38 PDT" name="dropDownExample" finished-at="2022-06-10T13:17:38 PDT" duration-ms="459" status="PASS">
          <reporter-output>
          </reporter-output>
        </test-method> <!-- dropDownExample -->
        <test-method signature="elementDisplayedExample()[pri:0, instance:automation.HomePageTest@149e0f5d]" started-at="2022-06-10T13:17:38 PDT" name="elementDisplayedExample" finished-at="2022-06-10T13:17:39 PDT" duration-ms="295" status="PASS">
          <reporter-output>
          </reporter-output>
        </test-method> <!-- elementDisplayedExample -->
        <test-method signature="mouseHoverExample()[pri:0, instance:automation.HomePageTest@149e0f5d]" started-at="2022-06-10T13:17:39 PDT" name="mouseHoverExample" finished-at="2022-06-10T13:17:40 PDT" duration-ms="1235" status="PASS">
          <reporter-output>
          </reporter-output>
        </test-method> <!-- mouseHoverExample -->
        <test-method signature="radioButtonExample()[pri:0, instance:automation.HomePageTest@149e0f5d]" started-at="2022-06-10T13:17:40 PDT" name="radioButtonExample" finished-at="2022-06-10T13:17:40 PDT" duration-ms="519" status="PASS">
          <reporter-output>
          </reporter-output>
        </test-method> <!-- radioButtonExample -->
        <test-method signature="suggestionClassExample()[pri:0, instance:automation.HomePageTest@149e0f5d]" started-at="2022-06-10T13:17:40 PDT" name="suggestionClassExample" finished-at="2022-06-10T13:17:41 PDT" duration-ms="426" status="PASS">
          <reporter-output>
          </reporter-output>
        </test-method> <!-- suggestionClassExample -->
        <test-method signature="switchToAlertExample()[pri:0, instance:automation.HomePageTest@149e0f5d]" started-at="2022-06-10T13:17:41 PDT" name="switchToAlertExample" finished-at="2022-06-10T13:17:41 PDT" duration-ms="744" status="PASS">
          <reporter-output>
          </reporter-output>
        </test-method> <!-- switchToAlertExample -->
        <test-method is-config="true" signature="closeDown()[pri:0, instance:automation.HomePageTest@149e0f5d]" started-at="2022-06-10T13:17:41 PDT" name="closeDown" finished-at="2022-06-10T13:17:43 PDT" duration-ms="1123" status="PASS">
          <reporter-output>
          </reporter-output>
        </test-method> <!-- closeDown -->
      </class> <!-- automation.HomePageTest -->
    </test> <!-- Validating the features in the main section of the home page -->
    <test started-at="2022-06-10T13:17:48 PDT" name="Validating the web tables on the home page" finished-at="2022-06-10T13:17:57 PDT" duration-ms="9419">
      <class name="automation.WebTablesTest">
        <test-method is-config="true" signature="initialize()[pri:0, instance:automation.WebTablesTest@6ef888f6]" started-at="2022-06-10T13:17:48 PDT" name="initialize" finished-at="2022-06-10T13:17:56 PDT" duration-ms="7890" status="PASS">
          <reporter-output>
          </reporter-output>
        </test-method> <!-- initialize -->
        <test-method signature="webTableExample()[pri:0, instance:automation.WebTablesTest@6ef888f6]" started-at="2022-06-10T13:17:56 PDT" name="webTableExample" finished-at="2022-06-10T13:17:56 PDT" duration-ms="417" status="PASS">
          <reporter-output>
          </reporter-output>
        </test-method> <!-- webTableExample -->
        <test-method is-config="true" signature="closeDown()[pri:0, instance:automation.WebTablesTest@6ef888f6]" started-at="2022-06-10T13:17:56 PDT" name="closeDown" finished-at="2022-06-10T13:17:57 PDT" duration-ms="1110" status="PASS">
          <reporter-output>
          </reporter-output>
        </test-method> <!-- closeDown -->
      </class> <!-- automation.WebTablesTest -->
    </test> <!-- Validating the web tables on the home page -->
    <test started-at="2022-06-10T13:18:02 PDT" name="Validating the iframe section on the home page" finished-at="2022-06-10T13:18:16 PDT" duration-ms="13621">
      <class name="automation.IFrameTest">
        <test-method is-config="true" signature="initialize()[pri:0, instance:automation.IFrameTest@69b2283a]" started-at="2022-06-10T13:18:02 PDT" name="initialize" finished-at="2022-06-10T13:18:14 PDT" duration-ms="12224" status="PASS">
          <reporter-output>
          </reporter-output>
        </test-method> <!-- initialize -->
        <test-method signature="validateIFrame()[pri:0, instance:automation.IFrameTest@69b2283a]" started-at="2022-06-10T13:18:14 PDT" name="validateIFrame" finished-at="2022-06-10T13:18:15 PDT" duration-ms="240" status="PASS">
          <reporter-output>
          </reporter-output>
        </test-method> <!-- validateIFrame -->
        <test-method is-config="true" signature="closeDown()[pri:0, instance:automation.IFrameTest@69b2283a]" started-at="2022-06-10T13:18:15 PDT" name="closeDown" finished-at="2022-06-10T13:18:16 PDT" duration-ms="1155" status="PASS">
          <reporter-output>
          </reporter-output>
        </test-method> <!-- closeDown -->
      </class> <!-- automation.IFrameTest -->
    </test> <!-- Validating the iframe section on the home page -->
    <test started-at="2022-06-10T13:18:21 PDT" name="Validating the opening of new tabs" finished-at="2022-06-10T13:18:31 PDT" duration-ms="10036">
      <class name="automation.SwitchTabTest">
        <test-method is-config="true" signature="initialize()[pri:0, instance:automation.SwitchTabTest@2473d930]" started-at="2022-06-10T13:18:21 PDT" name="initialize" finished-at="2022-06-10T13:18:29 PDT" duration-ms="7827" status="PASS">
          <reporter-output>
          </reporter-output>
        </test-method> <!-- initialize -->
        <test-method signature="switchTabExample()[pri:0, instance:automation.SwitchTabTest@2473d930]" started-at="2022-06-10T13:18:29 PDT" name="switchTabExample" finished-at="2022-06-10T13:18:30 PDT" duration-ms="1093" status="PASS">
          <reporter-output>
          </reporter-output>
        </test-method> <!-- switchTabExample -->
        <test-method is-config="true" signature="closeDown()[pri:0, instance:automation.SwitchTabTest@2473d930]" started-at="2022-06-10T13:18:30 PDT" name="closeDown" finished-at="2022-06-10T13:18:31 PDT" duration-ms="1116" status="PASS">
          <reporter-output>
          </reporter-output>
        </test-method> <!-- closeDown -->
      </class> <!-- automation.SwitchTabTest -->
    </test> <!-- Validating the opening of new tabs -->
    <test started-at="2022-06-10T13:18:36 PDT" name="Validating the opening of new windows" finished-at="2022-06-10T13:19:07 PDT" duration-ms="31095">
      <class name="automation.SwitchWindowTest">
        <test-method is-config="true" signature="initialize()[pri:0, instance:automation.SwitchWindowTest@6f96c77]" started-at="2022-06-10T13:18:36 PDT" name="initialize" finished-at="2022-06-10T13:18:47 PDT" duration-ms="10971" status="PASS">
          <reporter-output>
          </reporter-output>
        </test-method> <!-- initialize -->
        <test-method signature="switchWindowExample()[pri:0, instance:automation.SwitchWindowTest@6f96c77]" started-at="2022-06-10T13:18:47 PDT" name="switchWindowExample" finished-at="2022-06-10T13:19:06 PDT" duration-ms="18989" status="PASS">
          <reporter-output>
          </reporter-output>
        </test-method> <!-- switchWindowExample -->
        <test-method is-config="true" signature="closeDown()[pri:0, instance:automation.SwitchWindowTest@6f96c77]" started-at="2022-06-10T13:19:06 PDT" name="closeDown" finished-at="2022-06-10T13:19:07 PDT" duration-ms="1133" status="PASS">
          <reporter-output>
          </reporter-output>
        </test-method> <!-- closeDown -->
      </class> <!-- automation.SwitchWindowTest -->
    </test> <!-- Validating the opening of new windows -->
    <test started-at="2022-06-10T13:19:12 PDT" name="Validating the links in the footer section" finished-at="2022-06-10T13:19:25 PDT" duration-ms="12683">
      <class name="automation.FooterLinksTest">
        <test-method is-config="true" signature="initialize()[pri:0, instance:automation.FooterLinksTest@4b5d6a01]" started-at="2022-06-10T13:19:12 PDT" name="initialize" finished-at="2022-06-10T13:19:20 PDT" duration-ms="7914" status="PASS">
          <reporter-output>
          </reporter-output>
        </test-method> <!-- initialize -->
        <test-method signature="verifyFooterLinks()[pri:0, instance:automation.FooterLinksTest@4b5d6a01]" started-at="2022-06-10T13:19:20 PDT" name="verifyFooterLinks" finished-at="2022-06-10T13:19:23 PDT" duration-ms="3599" status="PASS">
          <reporter-output>
          </reporter-output>
        </test-method> <!-- verifyFooterLinks -->
        <test-method is-config="true" signature="closeDown()[pri:0, instance:automation.FooterLinksTest@4b5d6a01]" started-at="2022-06-10T13:19:23 PDT" name="closeDown" finished-at="2022-06-10T13:19:25 PDT" duration-ms="1167" status="PASS">
          <reporter-output>
          </reporter-output>
        </test-method> <!-- closeDown -->
      </class> <!-- automation.FooterLinksTest -->
    </test> <!-- Validating the links in the footer section -->
  </suite> <!-- Suite -->
</testng-results>
