<?xml version="1.0" encoding="UTF-8"?>
<testng-results ignored="0" total="1" passed="1" failed="0" skipped="0">
  <reporter-output>
  </reporter-output>
  <suite started-at="2022-06-10T13:00:10 PDT" name="Default suite" finished-at="2022-06-10T13:00:31 PDT" duration-ms="20386">
    <groups>
    </groups>
    <test started-at="2022-06-10T13:00:10 PDT" name="Default test" finished-at="2022-06-10T13:00:31 PDT" duration-ms="20386">
      <class name="automation.FooterLinksTest">
        <test-method is-config="true" signature="initialize()[pri:0, instance:automation.FooterLinksTest@a9cd3b1]" started-at="2022-06-10T13:00:10 PDT" name="initialize" finished-at="2022-06-10T13:00:26 PDT" duration-ms="15341" status="PASS">
          <reporter-output>
          </reporter-output>
        </test-method> <!-- initialize -->
        <test-method signature="verifyFooterLinks()[pri:0, instance:automation.FooterLinksTest@a9cd3b1]" started-at="2022-06-10T13:00:26 PDT" name="verifyFooterLinks" finished-at="2022-06-10T13:00:30 PDT" duration-ms="3786" status="PASS">
          <reporter-output>
          </reporter-output>
        </test-method> <!-- verifyFooterLinks -->
        <test-method is-config="true" signature="closeDown()[pri:0, instance:automation.FooterLinksTest@a9cd3b1]" started-at="2022-06-10T13:00:30 PDT" name="closeDown" finished-at="2022-06-10T13:00:31 PDT" duration-ms="1217" status="PASS">
          <reporter-output>
          </reporter-output>
        </test-method> <!-- closeDown -->
      </class> <!-- automation.FooterLinksTest -->
    </test> <!-- Default test -->
  </suite> <!-- Default suite -->
</testng-results>
